#
# There is insufficient memory for the Java Runtime Environment to continue.
# Native memory allocation (malloc) failed to allocate 1960800 bytes for Chunk::new
# Possible reasons:
#   The system is out of physical RAM or swap space
#   The process is running with CompressedOops enabled, and the Java Heap may be blocking the growth of the native heap
# Possible solutions:
#   Reduce memory load on the system
#   Increase physical memory or swap space
#   Check if swap backing store is full
#   Decrease Java heap size (-Xmx/-Xms)
#   Decrease number of Java threads
#   Decrease Java thread stack sizes (-Xss)
#   Set larger code cache with -XX:ReservedCodeCacheSize=
#   JVM is running with Unscaled Compressed Oops mode in which the Java heap is
#     placed in the first 4GB address space. The Java Heap base address is the
#     maximum limit for the native heap growth. Please use -XX:HeapBaseMinAddress
#     to set the Java Heap base and to place the Java Heap above 4GB virtual address.
# This output file may be truncated or incomplete.
#
#  Out of Memory Error (allocation.cpp:389), pid=8920, tid=0x00000000000030a8
#
# JRE version: OpenJDK Runtime Environment (8.0_242-b01) (build 1.8.0_242-release-1644-b01)
# Java VM: OpenJDK 64-Bit Server VM (25.242-b01 mixed mode windows-amd64 compressed oops)
# Failed to write core dump. Minidumps are not enabled by default on client versions of Windows
#

---------------  T H R E A D  ---------------

Current thread (0x00000000176d5000):  JavaThread "C2 CompilerThread1" daemon [_thread_in_native, id=12456, stack(0x0000000018e30000,0x0000000018f30000)]

Stack: [0x0000000018e30000,0x0000000018f30000]
[error occurred during error reporting (printing stack bounds), id 0xc0000005]

Native frames: (J=compiled Java code, j=interpreted, Vv=VM code, C=native code)


Current CompileTask:
C2: 122281 17285       4       com.android.tools.r8.ir.regalloc.a::a (3992 bytes)


---------------  P R O C E S S  ---------------

Java Threads: ( => current thread )
  0x0000000029905000 JavaThread "Cache worker for Java compile cache (C:\Users\Usuario\AndroidStudioProjects\InventariosMoviles\.gradle\6.5\javaCompile)" [_thread_blocked, id=2900, stack(0x000000002cc50000,0x000000002cd50000)]
  0x000000002990b000 JavaThread "Cache worker for Java compile cache (C:\Users\Usuario\.gradle\caches\6.5\javaCompile)" [_thread_blocked, id=8328, stack(0x000000002cb50000,0x000000002cc50000)]
  0x0000000029906000 JavaThread "WorkerExecutor Queue Thread 4" [_thread_blocked, id=11224, stack(0x000000002ca50000,0x000000002cb50000)]
  0x0000000029904800 JavaThread "WorkerExecutor Queue Thread 3" [_thread_blocked, id=8044, stack(0x000000002c400000,0x000000002c500000)]
  0x0000000029903000 JavaThread "WorkerExecutor Queue Thread 2" [_thread_blocked, id=4676, stack(0x000000002c550000,0x000000002c650000)]
  0x00000000298fd000 JavaThread "stdout" [_thread_in_native, id=10256, stack(0x000000002c300000,0x000000002c400000)]
  0x0000000029901800 JavaThread "stderr" [_thread_in_native, id=11268, stack(0x000000002c200000,0x000000002c300000)]
  0x0000000029900000 JavaThread "pool-4-thread-1" [_thread_blocked, id=11784, stack(0x000000002c100000,0x000000002c200000)]
  0x0000000029902000 JavaThread "WorkerExecutor Queue" [_thread_blocked, id=5944, stack(0x000000002c000000,0x000000002c100000)]
  0x0000000019663800 JavaThread "Cache worker for execution history cache (C:\Users\Usuario\AndroidStudioProjects\InventariosMoviles\.gradle\6.5\executionHistory)" [_thread_blocked, id=4608, stack(0x000000002bd00000,0x000000002be00000)]
  0x0000000019663000 JavaThread "Execution worker for ':' Thread 3" [_thread_blocked, id=7348, stack(0x000000002bc00000,0x000000002bd00000)]
  0x0000000019e75800 JavaThread "Execution worker for ':' Thread 2" [_thread_blocked, id=7788, stack(0x000000002bb00000,0x000000002bc00000)]
  0x0000000019e6a000 JavaThread "Execution worker for ':'" [_thread_blocked, id=8864, stack(0x000000002ba00000,0x000000002bb00000)]
  0x0000000019e71000 JavaThread "Cache worker for file content cache (C:\Users\Usuario\AndroidStudioProjects\InventariosMoviles\.gradle\6.5\fileContent)" [_thread_blocked, id=10276, stack(0x000000002b900000,0x000000002ba00000)]
  0x0000000019e70000 JavaThread "Cache worker for Build Output Cleanup Cache (C:\Users\Usuario\AndroidStudioProjects\InventariosMoviles\.gradle\buildOutputCleanup)" [_thread_blocked, id=4228, stack(0x0000000024270000,0x0000000024370000)]
  0x0000000019e6f800 JavaThread "Build operations Thread 4" [_thread_in_vm, id=2692, stack(0x000000002b800000,0x000000002b900000)]
  0x000000002069a800 JavaThread "Build operations Thread 3" [_thread_in_Java, id=13052, stack(0x000000002a900000,0x000000002aa00000)]
  0x0000000020699800 JavaThread "Build operations Thread 2" [_thread_in_Java, id=5532, stack(0x00000000243a0000,0x00000000244a0000)]
  0x0000000020699000 JavaThread "Build operations" [_thread_in_Java, id=12896, stack(0x0000000023410000,0x0000000023510000)]
  0x0000000020698000 JavaThread "Cache worker for cache directory md-rule (C:\Users\Usuario\.gradle\caches\6.5\md-rule)" [_thread_blocked, id=4692, stack(0x0000000022b10000,0x0000000022c10000)]
  0x000000002069b000 JavaThread "Cache worker for cache directory md-supplier (C:\Users\Usuario\.gradle\caches\6.5\md-supplier)" [_thread_blocked, id=8732, stack(0x0000000022a10000,0x0000000022b10000)]
  0x000000002069c000 JavaThread "Cache worker for checksums cache (C:\Users\Usuario\AndroidStudioProjects\InventariosMoviles\.gradle\checksums)" [_thread_blocked, id=7008, stack(0x0000000022910000,0x0000000022a10000)]
  0x000000002069d800 JavaThread "Cache worker for file hash cache (C:\Users\Usuario\AndroidStudioProjects\InventariosMoviles\.gradle\6.5\fileHashes)" [_thread_blocked, id=3876, stack(0x000000001e720000,0x000000001e820000)]
  0x000000002069c800 JavaThread "Thread-124" [_thread_blocked, id=5772, stack(0x000000001d150000,0x000000001d250000)]
  0x0000000020690000 JavaThread "Stdin handler" [_thread_blocked, id=12712, stack(0x000000001cd50000,0x000000001ce50000)]
  0x0000000020696800 JavaThread "Asynchronous log dispatcher for DefaultDaemonConnection: socket connection from /127.0.0.1:61367 to /127.0.0.1:61373" [_thread_blocked, id=8440, stack(0x000000001cc50000,0x000000001cd50000)]
  0x0000000020695000 JavaThread "Cancel handler" [_thread_blocked, id=11344, stack(0x0000000000dd0000,0x0000000000ed0000)]
  0x0000000020694800 JavaThread "Handler for socket connection from /127.0.0.1:61367 to /127.0.0.1:61373" [_thread_in_native, id=7048, stack(0x0000000000bd0000,0x0000000000cd0000)]
  0x000000002068f000 JavaThread "Memory manager" [_thread_blocked, id=1448, stack(0x0000000000cd0000,0x0000000000dd0000)]
  0x000000001a98f000 JavaThread "jar transforms Thread 92" [_thread_blocked, id=11484, stack(0x00000000285d0000,0x00000000286d0000)]
  0x000000001a98b800 JavaThread "jar transforms Thread 91" [_thread_blocked, id=5792, stack(0x00000000284d0000,0x00000000285d0000)]
  0x000000001a990800 JavaThread "jar transforms Thread 90" [_thread_blocked, id=7940, stack(0x00000000283d0000,0x00000000284d0000)]
  0x000000001a990000 JavaThread "jar transforms Thread 89" [_thread_blocked, id=2848, stack(0x00000000282d0000,0x00000000283d0000)]
  0x000000001a991800 JavaThread "jar transforms Thread 88" [_thread_blocked, id=9264, stack(0x00000000281d0000,0x00000000282d0000)]
  0x000000001a98d000 JavaThread "jar transforms Thread 87" [_thread_blocked, id=1176, stack(0x00000000280d0000,0x00000000281d0000)]
  0x000000001a984000 JavaThread "jar transforms Thread 86" [_thread_blocked, id=9536, stack(0x0000000027fd0000,0x00000000280d0000)]
  0x000000001a98a000 JavaThread "jar transforms Thread 85" [_thread_blocked, id=11092, stack(0x0000000027ed0000,0x0000000027fd0000)]
  0x000000001a988800 JavaThread "jar transforms Thread 84" [_thread_blocked, id=4472, stack(0x0000000027dd0000,0x0000000027ed0000)]
  0x000000001a987800 JavaThread "jar transforms Thread 83" [_thread_blocked, id=12296, stack(0x0000000027cd0000,0x0000000027dd0000)]
  0x000000001a986000 JavaThread "jar transforms Thread 82" [_thread_blocked, id=1456, stack(0x0000000027bd0000,0x0000000027cd0000)]
  0x000000001a984800 JavaThread "jar transforms Thread 81" [_thread_blocked, id=6644, stack(0x0000000027ad0000,0x0000000027bd0000)]
  0x000000001a989000 JavaThread "jar transforms Thread 80" [_thread_blocked, id=6784, stack(0x00000000279d0000,0x0000000027ad0000)]
  0x000000001a985800 JavaThread "jar transforms Thread 79" [_thread_blocked, id=844, stack(0x00000000278d0000,0x00000000279d0000)]
  0x000000001a987000 JavaThread "jar transforms Thread 78" [_thread_blocked, id=6944, stack(0x00000000277d0000,0x00000000278d0000)]
  0x000000001a98a800 JavaThread "jar transforms Thread 77" [_thread_blocked, id=4996, stack(0x00000000276d0000,0x00000000277d0000)]
  0x000000001bd6b000 JavaThread "jar transforms Thread 76" [_thread_blocked, id=2548, stack(0x00000000275d0000,0x00000000276d0000)]
  0x000000001bd6a000 JavaThread "jar transforms Thread 75" [_thread_blocked, id=4952, stack(0x00000000274d0000,0x00000000275d0000)]
  0x000000001bd69800 JavaThread "jar transforms Thread 74" [_thread_blocked, id=6976, stack(0x00000000273d0000,0x00000000274d0000)]
  0x000000001bd68800 JavaThread "jar transforms Thread 73" [_thread_blocked, id=12248, stack(0x00000000272d0000,0x00000000273d0000)]
  0x000000001bd6e000 JavaThread "jar transforms Thread 72" [_thread_blocked, id=12156, stack(0x00000000271d0000,0x00000000272d0000)]
  0x000000001bd6c800 JavaThread "jar transforms Thread 71" [_thread_blocked, id=12760, stack(0x00000000270d0000,0x00000000271d0000)]
  0x000000001bd6b800 JavaThread "jar transforms Thread 70" [_thread_blocked, id=2144, stack(0x0000000026fd0000,0x00000000270d0000)]
  0x000000001bd6d000 JavaThread "jar transforms Thread 69" [_thread_blocked, id=676, stack(0x0000000026ed0000,0x0000000026fd0000)]
  0x000000001bd68000 JavaThread "jar transforms Thread 68" [_thread_blocked, id=7184, stack(0x0000000026dd0000,0x0000000026ed0000)]
  0x000000001bd60000 JavaThread "jar transforms Thread 67" [_thread_blocked, id=1992, stack(0x0000000026cd0000,0x0000000026dd0000)]
  0x000000001bd66800 JavaThread "jar transforms Thread 66" [_thread_blocked, id=3044, stack(0x0000000026bd0000,0x0000000026cd0000)]
  0x000000001bd67000 JavaThread "jar transforms Thread 65" [_thread_blocked, id=11496, stack(0x0000000026ad0000,0x0000000026bd0000)]
  0x000000001bd62000 JavaThread "jar transforms Thread 64" [_thread_blocked, id=11864, stack(0x00000000269d0000,0x0000000026ad0000)]
  0x000000001bd5e800 JavaThread "jar transforms Thread 63" [_thread_blocked, id=12720, stack(0x00000000268d0000,0x00000000269d0000)]
  0x000000001bd65000 JavaThread "jar transforms Thread 62" [_thread_blocked, id=4176, stack(0x00000000267d0000,0x00000000268d0000)]
  0x000000001bd65800 JavaThread "jar transforms Thread 61" [_thread_blocked, id=8060, stack(0x00000000266d0000,0x00000000267d0000)]
  0x000000001bd61000 JavaThread "jar transforms Thread 60" [_thread_blocked, id=9352, stack(0x00000000265d0000,0x00000000266d0000)]
  0x000000001bd63800 JavaThread "jar transforms Thread 59" [_thread_blocked, id=3120, stack(0x00000000264d0000,0x00000000265d0000)]
  0x000000001bd64000 JavaThread "jar transforms Thread 58" [_thread_blocked, id=3116, stack(0x00000000263d0000,0x00000000264d0000)]
  0x000000001bd62800 JavaThread "jar transforms Thread 57" [_thread_blocked, id=5836, stack(0x00000000262d0000,0x00000000263d0000)]
  0x000000001bd5f800 JavaThread "jar transforms Thread 56" [_thread_blocked, id=1756, stack(0x00000000261d0000,0x00000000262d0000)]
  0x000000001a20f000 JavaThread "jar transforms Thread 55" [_thread_blocked, id=10884, stack(0x00000000260d0000,0x00000000261d0000)]
  0x000000001a20e000 JavaThread "jar transforms Thread 54" [_thread_blocked, id=6688, stack(0x0000000025fd0000,0x00000000260d0000)]
  0x000000001a215000 JavaThread "jar transforms Thread 53" [_thread_blocked, id=12960, stack(0x0000000025ed0000,0x0000000025fd0000)]
  0x000000001a20d800 JavaThread "jar transforms Thread 52" [_thread_blocked, id=1088, stack(0x0000000025dd0000,0x0000000025ed0000)]
  0x000000001a214000 JavaThread "jar transforms Thread 51" [_thread_blocked, id=8904, stack(0x0000000025cd0000,0x0000000025dd0000)]
  0x000000001a213800 JavaThread "jar transforms Thread 50" [_thread_blocked, id=7952, stack(0x0000000025bd0000,0x0000000025cd0000)]
  0x000000001a212000 JavaThread "jar transforms Thread 49" [_thread_blocked, id=248, stack(0x0000000025ad0000,0x0000000025bd0000)]
  0x000000001a211000 JavaThread "jar transforms Thread 48" [_thread_blocked, id=2944, stack(0x00000000259d0000,0x0000000025ad0000)]
  0x000000001a212800 JavaThread "jar transforms Thread 47" [_thread_blocked, id=4252, stack(0x00000000258d0000,0x00000000259d0000)]
  0x000000001a210800 JavaThread "jar transforms Thread 46" [_thread_blocked, id=7600, stack(0x00000000257d0000,0x00000000258d0000)]
  0x000000001a20f800 JavaThread "jar transforms Thread 45" [_thread_blocked, id=8892, stack(0x00000000256d0000,0x00000000257d0000)]
  0x000000001a209800 JavaThread "jar transforms Thread 44" [_thread_blocked, id=11628, stack(0x00000000255d0000,0x00000000256d0000)]
  0x000000001a207800 JavaThread "jar transforms Thread 43" [_thread_blocked, id=10064, stack(0x00000000254d0000,0x00000000255d0000)]
  0x000000001a20c800 JavaThread "jar transforms Thread 42" [_thread_blocked, id=952, stack(0x00000000253d0000,0x00000000254d0000)]
  0x000000001a208000 JavaThread "jar transforms Thread 41" [_thread_blocked, id=8820, stack(0x00000000252d0000,0x00000000253d0000)]
  0x000000001a206000 JavaThread "jar transforms Thread 40" [_thread_blocked, id=10836, stack(0x00000000251d0000,0x00000000252d0000)]
  0x000000001a209000 JavaThread "jar transforms Thread 39" [_thread_blocked, id=10104, stack(0x00000000250d0000,0x00000000251d0000)]
  0x000000001a20c000 JavaThread "jar transforms Thread 38" [_thread_blocked, id=13204, stack(0x0000000024fd0000,0x00000000250d0000)]
  0x000000001a20b000 JavaThread "jar transforms Thread 37" [_thread_blocked, id=6920, stack(0x0000000024ed0000,0x0000000024fd0000)]
  0x000000001a20a800 JavaThread "jar transforms Thread 36" [_thread_blocked, id=1364, stack(0x0000000024dd0000,0x0000000024ed0000)]
  0x000000001a206800 JavaThread "jar transforms Thread 35" [_thread_blocked, id=11736, stack(0x0000000024cd0000,0x0000000024dd0000)]
  0x0000000019e71800 JavaThread "jar transforms Thread 34" [_thread_blocked, id=7708, stack(0x0000000024bd0000,0x0000000024cd0000)]
  0x0000000019e77800 JavaThread "jar transforms Thread 33" [_thread_blocked, id=4372, stack(0x0000000024ad0000,0x0000000024bd0000)]
  0x0000000019e74800 JavaThread "jar transforms Thread 32" [_thread_blocked, id=10580, stack(0x00000000249d0000,0x0000000024ad0000)]
  0x0000000019e73000 JavaThread "jar transforms Thread 31" [_thread_blocked, id=12424, stack(0x00000000248d0000,0x00000000249d0000)]
  0x0000000019e77000 JavaThread "jar transforms Thread 30" [_thread_blocked, id=9948, stack(0x00000000247d0000,0x00000000248d0000)]
  0x0000000019e78800 JavaThread "jar transforms Thread 29" [_thread_blocked, id=5824, stack(0x00000000246d0000,0x00000000247d0000)]
  0x0000000019e74000 JavaThread "jar transforms Thread 28" [_thread_blocked, id=10524, stack(0x0000000023f70000,0x0000000024070000)]
  0x0000000019e72800 JavaThread "jar transforms Thread 27" [_thread_blocked, id=12256, stack(0x0000000023c30000,0x0000000023d30000)]
  0x0000000019e76000 JavaThread "jar transforms Thread 26" [_thread_blocked, id=6852, stack(0x0000000023b30000,0x0000000023c30000)]
  0x0000000019e6b800 JavaThread "Cache worker for file content cache (C:\Users\Usuario\.gradle\caches\6.5\fileContent)" [_thread_blocked, id=4168, stack(0x0000000023310000,0x0000000023410000)]
  0x0000000019e6c800 JavaThread "Cache worker for execution history cache (C:\Users\Usuario\.gradle\caches\6.5\executionHistory)" [_thread_blocked, id=3624, stack(0x0000000022e10000,0x0000000022f10000)]
  0x0000000019660800 JavaThread "jar transforms Thread 25" [_thread_blocked, id=8756, stack(0x0000000022610000,0x0000000022710000)]
  0x0000000019667800 JavaThread "jar transforms Thread 24" [_thread_blocked, id=1384, stack(0x0000000022510000,0x0000000022610000)]
  0x0000000019660000 JavaThread "jar transforms Thread 23" [_thread_blocked, id=7252, stack(0x0000000022410000,0x0000000022510000)]
  0x0000000019665000 JavaThread "jar transforms Thread 22" [_thread_blocked, id=5316, stack(0x0000000022310000,0x0000000022410000)]
  0x0000000019666800 JavaThread "jar transforms Thread 21" [_thread_blocked, id=3008, stack(0x0000000022210000,0x0000000022310000)]
  0x0000000019666000 JavaThread "jar transforms Thread 20" [_thread_blocked, id=3596, stack(0x0000000022110000,0x0000000022210000)]
  0x0000000019661800 JavaThread "jar transforms Thread 19" [_thread_blocked, id=12384, stack(0x0000000021f10000,0x0000000022010000)]
  0x0000000019662000 JavaThread "jar transforms Thread 18" [_thread_blocked, id=10440, stack(0x0000000021e10000,0x0000000021f10000)]
  0x0000000019658800 JavaThread "jar transforms Thread 17" [_thread_blocked, id=3684, stack(0x0000000021d10000,0x0000000021e10000)]
  0x000000001965b800 JavaThread "jar transforms Thread 16" [_thread_blocked, id=12252, stack(0x0000000021c10000,0x0000000021d10000)]
  0x000000001965a800 JavaThread "jar transforms Thread 15" [_thread_blocked, id=2480, stack(0x0000000021b10000,0x0000000021c10000)]
  0x000000001965e800 JavaThread "jar transforms Thread 14" [_thread_blocked, id=9348, stack(0x0000000021a10000,0x0000000021b10000)]
  0x000000001965a000 JavaThread "jar transforms Thread 13" [_thread_blocked, id=6936, stack(0x0000000021910000,0x0000000021a10000)]
  0x000000001965d000 JavaThread "jar transforms Thread 12" [_thread_blocked, id=8556, stack(0x0000000021810000,0x0000000021910000)]
  0x000000001965d800 JavaThread "jar transforms Thread 11" [_thread_blocked, id=11292, stack(0x0000000021710000,0x0000000021810000)]
  0x000000001965f000 JavaThread "jar transforms Thread 10" [_thread_blocked, id=12364, stack(0x0000000021320000,0x0000000021420000)]
  0x000000001965c000 JavaThread "jar transforms Thread 9" [_thread_blocked, id=9512, stack(0x0000000020240000,0x0000000020340000)]
  0x0000000019659000 JavaThread "jar transforms Thread 8" [_thread_blocked, id=12084, stack(0x0000000020140000,0x0000000020240000)]
  0x000000001a334800 JavaThread "jar transforms Thread 7" [_thread_blocked, id=8848, stack(0x0000000020040000,0x0000000020140000)]
  0x000000001a336000 JavaThread "jar transforms Thread 6" [_thread_blocked, id=3032, stack(0x000000001ff40000,0x0000000020040000)]
  0x000000001a334000 JavaThread "jar transforms Thread 5" [_thread_blocked, id=9596, stack(0x000000001fe40000,0x000000001ff40000)]
  0x000000001a337000 JavaThread "jar transforms Thread 4" [_thread_blocked, id=8248, stack(0x000000001fd40000,0x000000001fe40000)]
  0x000000001a333000 JavaThread "jar transforms Thread 3" [_thread_blocked, id=9224, stack(0x000000001fc40000,0x000000001fd40000)]
  0x000000001a332800 JavaThread "jar transforms Thread 2" [_thread_blocked, id=12316, stack(0x000000001fb40000,0x000000001fc40000)]
  0x000000001a339000 JavaThread "jar transforms" [_thread_blocked, id=13100, stack(0x000000001e820000,0x000000001e920000)]
  0x000000001a338800 JavaThread "Cache worker for file hash cache (C:\Users\Usuario\.gradle\caches\6.5\fileHashes)" [_thread_blocked, id=2340, stack(0x000000001d650000,0x000000001d750000)]
  0x000000001a337800 JavaThread "File lock request listener" [_thread_in_native, id=3704, stack(0x000000001d550000,0x000000001d650000)]
  0x00000000191ad000 JavaThread "Cache worker for journal cache (C:\Users\Usuario\.gradle\caches\journal-1)" [_thread_blocked, id=6012, stack(0x000000001d450000,0x000000001d550000)]
  0x000000001a1c9000 JavaThread "Daemon worker" [_thread_blocked, id=8700, stack(0x000000001ce50000,0x000000001cf50000)]
  0x0000000019cbc000 JavaThread "Daemon" [_thread_blocked, id=11868, stack(0x000000001cb50000,0x000000001cc50000)]
  0x0000000019d06000 JavaThread "Daemon periodic checks" [_thread_blocked, id=10772, stack(0x000000001c850000,0x000000001c950000)]
  0x0000000019c9f800 JavaThread "Incoming local TCP Connector on port 61367" [_thread_in_native, id=456, stack(0x000000001c610000,0x000000001c710000)]
  0x00000000190fd000 JavaThread "Daemon health stats" [_thread_blocked, id=7892, stack(0x000000001bfd0000,0x000000001c0d0000)]
  0x000000001905e000 JavaThread "Service Thread" daemon [_thread_blocked, id=11924, stack(0x0000000019430000,0x0000000019530000)]
  0x00000000176e2800 JavaThread "C1 CompilerThread2" daemon [_thread_blocked, id=3976, stack(0x0000000018f30000,0x0000000019030000)]
=>0x00000000176d5000 JavaThread "C2 CompilerThread1" daemon [_thread_in_native, id=12456, stack(0x0000000018e30000,0x0000000018f30000)]
  0x00000000176d3000 JavaThread "C2 CompilerThread0" daemon [_thread_in_native, id=8984, stack(0x0000000018d30000,0x0000000018e30000)]
  0x00000000176d2800 JavaThread "Attach Listener" daemon [_thread_blocked, id=2012, stack(0x0000000018c30000,0x0000000018d30000)]
  0x00000000176d7000 JavaThread "Signal Dispatcher" daemon [_thread_blocked, id=2680, stack(0x0000000018b30000,0x0000000018c30000)]
  0x0000000002aad000 JavaThread "Finalizer" daemon [_thread_blocked, id=12464, stack(0x0000000018930000,0x0000000018a30000)]
  0x00000000176b9000 JavaThread "Reference Handler" daemon [_thread_blocked, id=12404, stack(0x0000000018830000,0x0000000018930000)]
  0x000000000283e800 JavaThread "main" [_thread_blocked, id=11792, stack(0x00000000028b0000,0x00000000029b0000)]

Other Threads:
  0x0000000017697000 VMThread [stack: 0x0000000018730000,0x0000000018830000] [id=9096]
  0x000000001772e800 WatcherThread [stack: 0x0000000019530000,0x0000000019630000] [id=7860]

VM state:not at safepoint (normal execution)

VM Mutex/Monitor currently owned by a thread: None

heap address: 0x0000000080000000, size: 2048 MB, Compressed Oops mode: 32-bit
Narrow klass base: 0x0000000000000000, Narrow klass shift: 3
Compressed class space size: 1073741824 Address: 0x0000000100000000

Heap:
 PSYoungGen      total 426496K, used 60936K [0x00000000d5580000, 0x00000000f1400000, 0x0000000100000000)
  eden space 395264K, 11% used [0x00000000d5580000,0x00000000d839e6f0,0x00000000ed780000)
  from space 31232K, 43% used [0x00000000ef500000,0x00000000f0263cb0,0x00000000f1380000)
  to   space 30208K, 0% used [0x00000000ed780000,0x00000000ed780000,0x00000000ef500000)
 ParOldGen       total 156160K, used 105599K [0x0000000080000000, 0x0000000089880000, 0x00000000d5580000)
  object space 156160K, 67% used [0x0000000080000000,0x000000008671fd90,0x0000000089880000)
 Metaspace       used 102265K, capacity 108070K, committed 108288K, reserved 1142784K
  class space    used 13631K, capacity 14773K, committed 14848K, reserved 1048576K

Card table byte_map: [0x0000000011e70000,0x0000000012280000] byte_map_base: 0x0000000011a70000

Marking Bits: (ParMarkBitMap*) 0x000000006c94f030
 Begin Bits: [0x0000000012930000, 0x0000000014930000)
 End Bits:   [0x0000000014930000, 0x0000000016930000)

Polling page: 0x00000000007f0000

CodeCache: size=245760Kb used=51413Kb max_used=51434Kb free=194346Kb
 bounds [0x0000000002ab0000, 0x0000000005d30000, 0x0000000011ab0000]
 total_blobs=15719 nmethods=14837 adapters=790
 compilation: enabled

Compilation events (10 events):
Event: 121.697 Thread 0x00000000176e2800 17555       2       com.android.tools.r8.s.b.o::c (76 bytes)
Event: 121.698 Thread 0x00000000176e2800 nmethod 17555 0x0000000005d25ad0 code [0x0000000005d25c40, 0x0000000005d25e28]
Event: 121.755 Thread 0x00000000176e2800 17556       2       com.android.tools.r8.graph.Z::a (13 bytes)
Event: 121.757 Thread 0x00000000176e2800 nmethod 17556 0x0000000005d25f10 code [0x0000000005d260a0, 0x0000000005d26418]
Event: 122.115 Thread 0x00000000176e2800 17559       2       com.android.tools.r8.graph.Z$$Lambda$1385/2015688593::apply (15 bytes)
Event: 122.116 Thread 0x00000000176e2800 nmethod 17559 0x0000000005d26750 code [0x0000000005d268a0, 0x0000000005d26a70]
Event: 122.159 Thread 0x00000000176e2800 17560       2       com.android.tools.r8.graph.J$d::<init> (10 bytes)
Event: 122.160 Thread 0x00000000176e2800 nmethod 17560 0x0000000002d49290 code [0x0000000002d493e0, 0x0000000002d49530]
Event: 122.209 Thread 0x00000000176e2800 17561       2       com.android.tools.r8.q.a.a.b.V1::compare (22 bytes)
Event: 122.210 Thread 0x00000000176e2800 nmethod 17561 0x0000000002db3410 code [0x0000000002db3580, 0x0000000002db37d8]

GC Heap History (10 events):
Event: 107.246 GC heap before
{Heap before GC invocations=26 (full 4):
 PSYoungGen      total 315392K, used 315364K [0x00000000d5580000, 0x00000000ef000000, 0x0000000100000000)
  eden space 289792K, 100% used [0x00000000d5580000,0x00000000e7080000,0x00000000e7080000)
  from space 25600K, 99% used [0x00000000e7080000,0x00000000e89790e0,0x00000000e8980000)
  to   space 35328K, 0% used [0x00000000ecd80000,0x00000000ecd80000,0x00000000ef000000)
 ParOldGen       total 156160K, used 79206K [0x0000000080000000, 0x0000000089880000, 0x00000000d5580000)
  object space 156160K, 50% used [0x0000000080000000,0x0000000084d59848,0x0000000089880000)
 Metaspace       used 101764K, capacity 107438K, committed 107776K, reserved 1142784K
  class space    used 13613K, capacity 14759K, committed 14848K, reserved 1048576K
Event: 107.316 GC heap after
Heap after GC invocations=26 (full 4):
 PSYoungGen      total 381952K, used 3488K [0x00000000d5580000, 0x00000000eee00000, 0x0000000100000000)
  eden space 348672K, 0% used [0x00000000d5580000,0x00000000d5580000,0x00000000eaa00000)
  from space 33280K, 10% used [0x00000000ecd80000,0x00000000ed0e8000,0x00000000eee00000)
  to   space 34816K, 0% used [0x00000000eaa00000,0x00000000eaa00000,0x00000000ecc00000)
 ParOldGen       total 156160K, used 103611K [0x0000000080000000, 0x0000000089880000, 0x00000000d5580000)
  object space 156160K, 66% used [0x0000000080000000,0x000000008652ed38,0x0000000089880000)
 Metaspace       used 101764K, capacity 107438K, committed 107776K, reserved 1142784K
  class space    used 13613K, capacity 14759K, committed 14848K, reserved 1048576K
}
Event: 110.901 GC heap before
{Heap before GC invocations=27 (full 4):
 PSYoungGen      total 381952K, used 352160K [0x00000000d5580000, 0x00000000eee00000, 0x0000000100000000)
  eden space 348672K, 100% used [0x00000000d5580000,0x00000000eaa00000,0x00000000eaa00000)
  from space 33280K, 10% used [0x00000000ecd80000,0x00000000ed0e8000,0x00000000eee00000)
  to   space 34816K, 0% used [0x00000000eaa00000,0x00000000eaa00000,0x00000000ecc00000)
 ParOldGen       total 156160K, used 103611K [0x0000000080000000, 0x0000000089880000, 0x00000000d5580000)
  object space 156160K, 66% used [0x0000000080000000,0x000000008652ed38,0x0000000089880000)
 Metaspace       used 101855K, capacity 107608K, committed 107776K, reserved 1142784K
  class space    used 13619K, capacity 14768K, committed 14848K, reserved 1048576K
Event: 110.939 GC heap after
Heap after GC invocations=27 (full 4):
 PSYoungGen      total 383488K, used 3152K [0x00000000d5580000, 0x00000000eee00000, 0x0000000100000000)
  eden space 348672K, 0% used [0x00000000d5580000,0x00000000d5580000,0x00000000eaa00000)
  from space 34816K, 9% used [0x00000000eaa00000,0x00000000ead14010,0x00000000ecc00000)
  to   space 33280K, 0% used [0x00000000ecd80000,0x00000000ecd80000,0x00000000eee00000)
 ParOldGen       total 156160K, used 105583K [0x0000000080000000, 0x0000000089880000, 0x00000000d5580000)
  object space 156160K, 67% used [0x0000000080000000,0x000000008671bd90,0x0000000089880000)
 Metaspace       used 101855K, capacity 107608K, committed 107776K, reserved 1142784K
  class space    used 13619K, capacity 14768K, committed 14848K, reserved 1048576K
}
Event: 114.590 GC heap before
{Heap before GC invocations=28 (full 4):
 PSYoungGen      total 383488K, used 351824K [0x00000000d5580000, 0x00000000eee00000, 0x0000000100000000)
  eden space 348672K, 100% used [0x00000000d5580000,0x00000000eaa00000,0x00000000eaa00000)
  from space 34816K, 9% used [0x00000000eaa00000,0x00000000ead14010,0x00000000ecc00000)
  to   space 33280K, 0% used [0x00000000ecd80000,0x00000000ecd80000,0x00000000eee00000)
 ParOldGen       total 156160K, used 105583K [0x0000000080000000, 0x0000000089880000, 0x00000000d5580000)
  object space 156160K, 67% used [0x0000000080000000,0x000000008671bd90,0x0000000089880000)
 Metaspace       used 102078K, capacity 107922K, committed 108032K, reserved 1142784K
  class space    used 13630K, capacity 14773K, committed 14848K, reserved 1048576K
Event: 114.635 GC heap after
Heap after GC invocations=28 (full 4):
 PSYoungGen      total 381952K, used 6792K [0x00000000d5580000, 0x00000000eee00000, 0x0000000100000000)
  eden space 348672K, 0% used [0x00000000d5580000,0x00000000d5580000,0x00000000eaa00000)
  from space 33280K, 20% used [0x00000000ecd80000,0x00000000ed422260,0x00000000eee00000)
  to   space 34816K, 0% used [0x00000000eaa00000,0x00000000eaa00000,0x00000000ecc00000)
 ParOldGen       total 156160K, used 105591K [0x0000000080000000, 0x0000000089880000, 0x00000000d5580000)
  object space 156160K, 67% used [0x0000000080000000,0x000000008671dd90,0x0000000089880000)
 Metaspace       used 102078K, capacity 107922K, committed 108032K, reserved 1142784K
  class space    used 13630K, capacity 14773K, committed 14848K, reserved 1048576K
}
Event: 118.209 GC heap before
{Heap before GC invocations=29 (full 4):
 PSYoungGen      total 381952K, used 355464K [0x00000000d5580000, 0x00000000eee00000, 0x0000000100000000)
  eden space 348672K, 100% used [0x00000000d5580000,0x00000000eaa00000,0x00000000eaa00000)
  from space 33280K, 20% used [0x00000000ecd80000,0x00000000ed422260,0x00000000eee00000)
  to   space 34816K, 0% used [0x00000000eaa00000,0x00000000eaa00000,0x00000000ecc00000)
 ParOldGen       total 156160K, used 105591K [0x0000000080000000, 0x0000000089880000, 0x00000000d5580000)
  object space 156160K, 67% used [0x0000000080000000,0x000000008671dd90,0x0000000089880000)
 Metaspace       used 102152K, capacity 107998K, committed 108288K, reserved 1142784K
  class space    used 13631K, capacity 14773K, committed 14848K, reserved 1048576K
Event: 118.246 GC heap after
Heap after GC invocations=29 (full 4):
 PSYoungGen      total 383488K, used 9843K [0x00000000d5580000, 0x00000000f1380000, 0x0000000100000000)
  eden space 348672K, 0% used [0x00000000d5580000,0x00000000d5580000,0x00000000eaa00000)
  from space 34816K, 28% used [0x00000000eaa00000,0x00000000eb39cdd0,0x00000000ecc00000)
  to   space 31232K, 0% used [0x00000000ef500000,0x00000000ef500000,0x00000000f1380000)
 ParOldGen       total 156160K, used 105599K [0x0000000080000000, 0x0000000089880000, 0x00000000d5580000)
  object space 156160K, 67% used [0x0000000080000000,0x000000008671fd90,0x0000000089880000)
 Metaspace       used 102152K, capacity 107998K, committed 108288K, reserved 1142784K
  class space    used 13631K, capacity 14773K, committed 14848K, reserved 1048576K
}
Event: 121.873 GC heap before
{Heap before GC invocations=30 (full 4):
 PSYoungGen      total 383488K, used 358515K [0x00000000d5580000, 0x00000000f1380000, 0x0000000100000000)
  eden space 348672K, 100% used [0x00000000d5580000,0x00000000eaa00000,0x00000000eaa00000)
  from space 34816K, 28% used [0x00000000eaa00000,0x00000000eb39cdd0,0x00000000ecc00000)
  to   space 31232K, 0% used [0x00000000ef500000,0x00000000ef500000,0x00000000f1380000)
 ParOldGen       total 156160K, used 105599K [0x0000000080000000, 0x0000000089880000, 0x00000000d5580000)
  object space 156160K, 67% used [0x0000000080000000,0x000000008671fd90,0x0000000089880000)
 Metaspace       used 102264K, capacity 108066K, committed 108288K, reserved 1142784K
  class space    used 13631K, capacity 14773K, committed 14848K, reserved 1048576K
Event: 121.949 GC heap after
Heap after GC invocations=30 (full 4):
 PSYoungGen      total 426496K, used 13711K [0x00000000d5580000, 0x00000000f1400000, 0x0000000100000000)
  eden space 395264K, 0% used [0x00000000d5580000,0x00000000d5580000,0x00000000ed780000)
  from space 31232K, 43% used [0x00000000ef500000,0x00000000f0263cb0,0x00000000f1380000)
  to   space 30208K, 0% used [0x00000000ed780000,0x00000000ed780000,0x00000000ef500000)
 ParOldGen       total 156160K, used 105599K [0x0000000080000000, 0x0000000089880000, 0x00000000d5580000)
  object space 156160K, 67% used [0x0000000080000000,0x000000008671fd90,0x0000000089880000)
 Metaspace       used 102264K, capacity 108066K, committed 108288K, reserved 1142784K
  class space    used 13631K, capacity 14773K, committed 14848K, reserved 1048576K
}

Deoptimization events (10 events):
Event: 112.437 Thread 0x0000000019e6f800 Uncommon trap: reason=unstable_if action=reinterpret pc=0x000000000311d190 method=com.android.tools.r8.ir.regalloc.b.compareTo(Ljava/lang/Object;)I @ 52
Event: 112.879 Thread 0x0000000019e6f800 Uncommon trap: reason=class_check action=maybe_recompile pc=0x00000000059f35a8 method=com.android.tools.r8.s.a.h.e.b(Lcom/android/tools/r8/s/b/k0;)V @ 379
Event: 114.270 Thread 0x0000000020699800 Uncommon trap: reason=uninitialized action=reinterpret pc=0x00000000051b3360 method=com.android.tools.r8.graph.l0.a(Lcom/android/tools/r8/graph/j0;)Lcom/android/tools/r8/graph/l0; @ 127
Event: 114.930 Thread 0x0000000019e6f800 Uncommon trap: reason=unstable_if action=reinterpret pc=0x0000000004a2891c method=java.util.TimSort.countRunAndMakeAscending([Ljava/lang/Object;IILjava/util/Comparator;)I @ 27
Event: 115.054 Thread 0x0000000020699000 Uncommon trap: reason=unstable_if action=reinterpret pc=0x0000000002d00908 method=com.android.tools.r8.t.a.a.a.f.X.b()Lcom/android/tools/r8/t/a/a/a/h/F0; @ 4
Event: 116.602 Thread 0x0000000020699800 Uncommon trap: reason=uninitialized action=reinterpret pc=0x00000000050d5340 method=com.android.tools.r8.graph.l0.a(Lcom/android/tools/r8/graph/j0;)Lcom/android/tools/r8/graph/l0; @ 139
Event: 117.436 Thread 0x0000000020699800 Uncommon trap: reason=class_check action=maybe_recompile pc=0x0000000005c04210 method=com.android.tools.r8.ir.conversion.o.a(Lcom/android/tools/r8/ir/conversion/N;IZ)V @ 524
Event: 119.516 Thread 0x000000002069a800 Uncommon trap: reason=unstable_if action=reinterpret pc=0x0000000005c16e98 method=com.android.tools.r8.ir.conversion.o.a(ILcom/android/tools/r8/ir/conversion/N;)I @ 148
Event: 121.147 Thread 0x0000000019e6f800 Uncommon trap: reason=class_check action=maybe_recompile pc=0x00000000051d5580 method=com.android.tools.r8.dex.m.c(I)V @ 108
Event: 122.257 Thread 0x0000000020699800 Uncommon trap: reason=unstable_if action=reinterpret pc=0x0000000004f3a82c method=com.android.tools.r8.t.a.a.a.f.X$e.contains(Ljava/lang/Object;)Z @ 176

Classes redefined (0 events):
No events

Internal exceptions (10 events):
Event: 114.346 Thread 0x0000000020699800 Exception <a 'sun/nio/fs/WindowsException'> (0x00000000e8ecebd0) thrown at [C:\src\AOSP-openjdk-git\hotspot\src\share\vm\prims\jni.cpp, line 710]
Event: 114.498 Thread 0x0000000020699800 Exception <a 'sun/nio/fs/WindowsException'> (0x00000000e9f48048) thrown at [C:\src\AOSP-openjdk-git\hotspot\src\share\vm\prims\jni.cpp, line 710]
Event: 115.807 Thread 0x0000000020699800 Exception <a 'sun/nio/fs/WindowsException'> (0x00000000dc6e66b0) thrown at [C:\src\AOSP-openjdk-git\hotspot\src\share\vm\prims\jni.cpp, line 710]
Event: 115.924 Thread 0x0000000020699800 Exception <a 'sun/nio/fs/WindowsException'> (0x00000000dc7676c0) thrown at [C:\src\AOSP-openjdk-git\hotspot\src\share\vm\prims\jni.cpp, line 710]
Event: 116.693 Thread 0x0000000020699800 Exception <a 'sun/nio/fs/WindowsException'> (0x00000000e15e93f0) thrown at [C:\src\AOSP-openjdk-git\hotspot\src\share\vm\prims\jni.cpp, line 710]
Event: 116.856 Thread 0x0000000020699800 Exception <a 'sun/nio/fs/WindowsException'> (0x00000000e1697fc8) thrown at [C:\src\AOSP-openjdk-git\hotspot\src\share\vm\prims\jni.cpp, line 710]
Event: 118.564 Thread 0x0000000020699800 Exception <a 'sun/nio/fs/WindowsException'> (0x00000000d78252b8) thrown at [C:\src\AOSP-openjdk-git\hotspot\src\share\vm\prims\jni.cpp, line 710]
Event: 118.768 Thread 0x0000000020699800 Exception <a 'sun/nio/fs/WindowsException'> (0x00000000d89921d8) thrown at [C:\src\AOSP-openjdk-git\hotspot\src\share\vm\prims\jni.cpp, line 710]
Event: 121.302 Thread 0x0000000019e6f800 Exception <a 'sun/nio/fs/WindowsException'> (0x00000000e79baae0) thrown at [C:\src\AOSP-openjdk-git\hotspot\src\share\vm\prims\jni.cpp, line 710]
Event: 121.743 Thread 0x0000000019e6f800 Exception <a 'sun/nio/fs/WindowsException'> (0x00000000e9bf1008) thrown at [C:\src\AOSP-openjdk-git\hotspot\src\share\vm\prims\jni.cpp, line 710]

Events (10 events):
Event: 122.196 Thread 0x0000000019e6f800 DEOPT PACKING pc=0x00000000050f5f82 sp=0x000000002b8f9e10
Event: 122.196 Thread 0x0000000019e6f800 DEOPT UNPACKING pc=0x0000000002af71d0 sp=0x000000002b8f9e60 mode 0
Event: 122.208 Thread 0x000000002069a800 DEOPT PACKING pc=0x00000000050f62f8 sp=0x000000002a9f9500
Event: 122.208 Thread 0x000000002069a800 DEOPT UNPACKING pc=0x0000000002af71d0 sp=0x000000002a9f9558 mode 0
Event: 122.211 Thread 0x00000000176e2800 flushing nmethod 0x00000000030efdd0
Event: 122.231 Thread 0x000000002069a800 DEOPT PACKING pc=0x00000000051774b2 sp=0x000000002a9f9ca0
Event: 122.231 Thread 0x000000002069a800 DEOPT UNPACKING pc=0x0000000002af71d0 sp=0x000000002a9f9bc0 mode 0
Event: 122.257 Thread 0x0000000020699800 Uncommon trap: trap_request=0xffffff65 fr.pc=0x0000000004f3a82c
Event: 122.257 Thread 0x0000000020699800 DEOPT PACKING pc=0x0000000004f3a82c sp=0x000000002449a030
Event: 122.257 Thread 0x0000000020699800 DEOPT UNPACKING pc=0x0000000002af557b sp=0x0000000024499f80 mode 2


Dynamic libraries:
0x00007ff6bd510000 - 0x00007ff6bd541000 	C:\Program Files\Android\Android Studio\jre\bin\java.exe
0x00007ffaa4520000 - 0x00007ffaa4710000 	C:\WINDOWS\SYSTEM32\ntdll.dll
0x00007ffaa4100000 - 0x00007ffaa41b2000 	C:\WINDOWS\System32\KERNEL32.DLL
0x00007ffaa2230000 - 0x00007ffaa24d5000 	C:\WINDOWS\System32\KERNELBASE.dll
0x00007ffaa3b10000 - 0x00007ffaa3bb3000 	C:\WINDOWS\System32\ADVAPI32.dll
0x00007ffaa2a40000 - 0x00007ffaa2ade000 	C:\WINDOWS\System32\msvcrt.dll
0x00007ffaa2c80000 - 0x00007ffaa2d17000 	C:\WINDOWS\System32\sechost.dll
0x00007ffaa4290000 - 0x00007ffaa43af000 	C:\WINDOWS\System32\RPCRT4.dll
0x00007ffaa3850000 - 0x00007ffaa39e4000 	C:\WINDOWS\System32\USER32.dll
0x00007ffaa2100000 - 0x00007ffaa2121000 	C:\WINDOWS\System32\win32u.dll
0x00007ffaa2ae0000 - 0x00007ffaa2b06000 	C:\WINDOWS\System32\GDI32.dll
0x00007ffaa1e80000 - 0x00007ffaa2018000 	C:\WINDOWS\System32\gdi32full.dll
0x00007ffaa1c20000 - 0x00007ffaa1cbe000 	C:\WINDOWS\System32\msvcp_win.dll
0x00007ffaa2130000 - 0x00007ffaa222a000 	C:\WINDOWS\System32\ucrtbase.dll
0x00007ffa8bc60000 - 0x00007ffa8bee4000 	C:\WINDOWS\WinSxS\amd64_microsoft.windows.common-controls_6595b64144ccf1df_6.0.18362.1316_none_9e7a364fe461dbd7\COMCTL32.dll
0x00007ffaa3dc0000 - 0x00007ffaa40f7000 	C:\WINDOWS\System32\combase.dll
0x00007ffaa2540000 - 0x00007ffaa25c1000 	C:\WINDOWS\System32\bcryptPrimitives.dll
0x00007ffaa37a0000 - 0x00007ffaa37ce000 	C:\WINDOWS\System32\IMM32.DLL
0x000000006cc80000 - 0x000000006cd52000 	C:\Program Files\Android\Android Studio\jre\jre\bin\msvcr100.dll
0x000000006c180000 - 0x000000006c9cb000 	C:\Program Files\Android\Android Studio\jre\jre\bin\server\jvm.dll
0x00007ffaa2c70000 - 0x00007ffaa2c78000 	C:\WINDOWS\System32\PSAPI.DLL
0x00007ffa9feb0000 - 0x00007ffa9feb9000 	C:\WINDOWS\SYSTEM32\WSOCK32.dll
0x00007ffa9db50000 - 0x00007ffa9db74000 	C:\WINDOWS\SYSTEM32\WINMM.dll
0x00007ffa95320000 - 0x00007ffa9532a000 	C:\WINDOWS\SYSTEM32\VERSION.dll
0x00007ffaa4470000 - 0x00007ffaa44df000 	C:\WINDOWS\System32\WS2_32.dll
0x00007ffa9db20000 - 0x00007ffa9db4d000 	C:\WINDOWS\SYSTEM32\WINMMBASE.dll
0x00007ffaa1e10000 - 0x00007ffaa1e5a000 	C:\WINDOWS\System32\cfgmgr32.dll
0x00007ffa931c0000 - 0x00007ffa931cf000 	C:\Program Files\Android\Android Studio\jre\jre\bin\verify.dll
0x00007ffa85110000 - 0x00007ffa85139000 	C:\Program Files\Android\Android Studio\jre\jre\bin\java.dll
0x00007ffa8b710000 - 0x00007ffa8b726000 	C:\Program Files\Android\Android Studio\jre\jre\bin\zip.dll
0x00007ffaa2ef0000 - 0x00007ffaa35d8000 	C:\WINDOWS\System32\SHELL32.dll
0x00007ffaa43b0000 - 0x00007ffaa4457000 	C:\WINDOWS\System32\shcore.dll
0x00007ffaa14a0000 - 0x00007ffaa1c1b000 	C:\WINDOWS\System32\windows.storage.dll
0x00007ffaa1450000 - 0x00007ffaa1473000 	C:\WINDOWS\System32\profapi.dll
0x00007ffaa1400000 - 0x00007ffaa144a000 	C:\WINDOWS\System32\powrprof.dll
0x00007ffaa13d0000 - 0x00007ffaa13e0000 	C:\WINDOWS\System32\UMPDC.dll
0x00007ffaa3a50000 - 0x00007ffaa3aa2000 	C:\WINDOWS\System32\shlwapi.dll
0x00007ffaa13e0000 - 0x00007ffaa13f1000 	C:\WINDOWS\System32\kernel.appcore.dll
0x00007ffaa1e60000 - 0x00007ffaa1e77000 	C:\WINDOWS\System32\cryptsp.dll
0x00007ffa8b590000 - 0x00007ffa8b5aa000 	C:\Program Files\Android\Android Studio\jre\jre\bin\net.dll
0x00007ffaa0bb0000 - 0x00007ffaa0c17000 	C:\WINDOWS\system32\mswsock.dll
0x00007ffa8b3e0000 - 0x00007ffa8b3f3000 	C:\Program Files\Android\Android Studio\jre\jre\bin\nio.dll
0x00007ffa95d60000 - 0x00007ffa95d87000 	C:\Users\Usuario\.gradle\native\f6784746aeab05261644944871eae4fe03e0ef1612fff0a4a95f87b438bc6780\windows-amd64\native-platform.dll
0x00007ffa91c00000 - 0x00007ffa91c0d000 	C:\Program Files\Android\Android Studio\jre\jre\bin\management.dll
0x00007ffaa0730000 - 0x00007ffaa0763000 	C:\WINDOWS\system32\rsaenh.dll
0x00007ffaa20d0000 - 0x00007ffaa20f6000 	C:\WINDOWS\System32\bcrypt.dll
0x00007ffaa12f0000 - 0x00007ffaa1315000 	C:\WINDOWS\SYSTEM32\USERENV.dll
0x00007ffaa0d80000 - 0x00007ffaa0d8c000 	C:\WINDOWS\SYSTEM32\CRYPTBASE.dll
0x00007ffaa08c0000 - 0x00007ffaa08fa000 	C:\WINDOWS\SYSTEM32\IPHLPAPI.DLL
0x00007ffaa4460000 - 0x00007ffaa4468000 	C:\WINDOWS\System32\NSI.dll
0x00007ffa9a460000 - 0x00007ffa9a476000 	C:\WINDOWS\SYSTEM32\dhcpcsvc6.DLL
0x00007ffa9a320000 - 0x00007ffa9a33c000 	C:\WINDOWS\SYSTEM32\dhcpcsvc.DLL
0x00007ffaa0900000 - 0x00007ffaa09cb000 	C:\WINDOWS\SYSTEM32\DNSAPI.dll
0x00007ffa9a5a0000 - 0x00007ffa9a5ab000 	C:\WINDOWS\SYSTEM32\WINNSI.DLL

VM Arguments:
jvm_args: -Xmx2048m -Dfile.encoding=UTF-8 -Duser.country=MX -Duser.language=es -Duser.variant 
java_command: org.gradle.launcher.daemon.bootstrap.GradleDaemon 6.5
java_class_path (initial): C:\Users\Usuario\.gradle\wrapper\dists\gradle-6.5-bin\6nifqtx7604sqp1q6g8wikw7p\gradle-6.5\lib\gradle-launcher-6.5.jar
Launcher Type: SUN_STANDARD

Environment Variables:
PATH=C:\Python39\Scripts\;C:\Python39\;C:\Program Files (x86)\Intel\TXE Components\TCS\;C:\Program Files\Intel\TXE Components\TCS\;C:\WINDOWS\system32;C:\WINDOWS;C:\WINDOWS\System32\Wbem;C:\WINDOWS\System32\WindowsPowerShell\v1.0\;C:\WINDOWS\System32\OpenSSH\;C:\Program Files\Intel\TXE Components\DAL\;C:\Program Files (x86)\Intel\TXE Components\DAL\;C:\Program Files\Intel\TXE Components\IPT\;C:\Program Files (x86)\Intel\TXE Components\IPT\;C:\Program Files\Intel\WiFi\bin\;C:\Program Files\Common Files\Intel\WirelessCommon\;C:\Program Files\nodejs\;C:\ProgramData\chocolatey\bin;C:\Program Files\TortoiseGit\bin;C:\Program Files\Git\cmd;C:\xampp\php;C:\Users\Usuario\AppData\Local\Microsoft\WindowsApps;C:\Users\Usuario\AppData\Roaming\npm;C:\Users\Usuario\AppData\Local\GitHubDesktop\bin
USERNAME=Usuario
OS=Windows_NT
PROCESSOR_IDENTIFIER=Intel64 Family 6 Model 76 Stepping 4, GenuineIntel



---------------  S Y S T E M  ---------------

OS: Windows 10.0 , 64 bit Build 18362 (10.0.18362.1316)

CPU:total 4 (initial active 4) (4 cores per cpu, 1 threads per core) family 6 model 76 stepping 4, cmov, cx8, fxsr, mmx, sse, sse2, sse3, ssse3, sse4.1, sse4.2, popcnt, aes, clmul, erms, 3dnowpref, tsc, tscinvbit

Memory: 4k page, physical 8224228k(552804k free), swap 8224228k(6832k free)

vm_info: OpenJDK 64-Bit Server VM (25.242-b01) for windows-amd64 JRE (1.8.0_242-release-1644-b01), built by "builder" with MS VC++ 10.0 (VS2010)

time: Sun Jan 31 15:34:47 2021
timezone: Hora estándar central (México)
elapsed time: 122 seconds (0d 0h 2m 2s)

